2025-10-04 14:07:21,884 - __main__ - INFO - 🧪 Ejecutando prueba de muestra...
2025-10-04 14:07:21,887 - __main__ - INFO - 🚀 Iniciando aplicación de scraping de artículos científicos...
2025-10-04 14:07:21,887 - __main__ - INFO - 📋 Configuración: {'csv_url': 'https://raw.githubusercontent.com/jgalazka/SB_publications/main/SB_publication_PMC.csv', 'download_dir': './downloads', 'markdown_dir': './markdown_output', 'max_downloads_per_hour': 50, 'delay_between_requests': 2.0, 'max_articles': 10, 'log_level': 'INFO'}
2025-10-04 14:07:21,887 - __main__ - INFO - 📊 Paso 1: Obteniendo datos del CSV de GitHub...
2025-10-04 14:07:21,888 - scrapers.github_scraper - INFO - Obteniendo datos de CSV: https://raw.githubusercontent.com/jgalazka/SB_publications/main/SB_publication_PMC.csv
2025-10-04 14:07:22,343 - scrapers.github_scraper - ERROR - Error de conexión: 400 Client Error: Bad Request for url: https://raw.githubusercontent.com/jgalazka/SB_publications/SB_publication_PMC.csv
2025-10-04 14:07:22,345 - scrapers.github_scraper - ERROR - Error en scraping de GitHub: 400 Client Error: Bad Request for url: https://raw.githubusercontent.com/jgalazka/SB_publications/SB_publication_PMC.csv
2025-10-04 14:07:22,345 - __main__ - ERROR - ❌ Error durante la ejecución: 400 Client Error: Bad Request for url: https://raw.githubusercontent.com/jgalazka/SB_publications/SB_publication_PMC.csv
2025-10-04 14:07:22,346 - __main__ - ERROR - Detalle del error:
Traceback (most recent call last):
  File "/home/r3y3x/hackaton/spaceAppHesoyam/main.py", line 52, in main
    articles_data = github_scraper.scrape()
  File "/home/r3y3x/hackaton/spaceAppHesoyam/scrapers/github_scraper.py", line 133, in scrape
    df = self.get_csv_data()
  File "/home/r3y3x/hackaton/spaceAppHesoyam/scrapers/github_scraper.py", line 53, in get_csv_data
    response.raise_for_status()
  File "/usr/lib/python3/dist-packages/requests/models.py", line 1021, in raise_for_status
    raise HTTPError(http_error_msg, response=self)
requests.exceptions.HTTPError: 400 Client Error: Bad Request for url: https://raw.githubusercontent.com/jgalazka/SB_publications/SB_publication_PMC.csv
2025-10-04 14:07:22,348 - __main__ - INFO - 🧹 Limpiando recursos...
2025-10-04 14:07:31,392 - __main__ - INFO - 🧪 Ejecutando prueba de muestra...
2025-10-04 14:07:31,392 - __main__ - INFO - 🚀 Iniciando aplicación de scraping de artículos científicos...
2025-10-04 14:07:31,393 - __main__ - INFO - 📋 Configuración: {'csv_url': 'https://raw.githubusercontent.com/jgalazka/SB_publications/main/SB_publication_PMC.csv', 'download_dir': './downloads', 'markdown_dir': './markdown_output', 'max_downloads_per_hour': 50, 'delay_between_requests': 2.0, 'max_articles': 10, 'log_level': 'INFO'}
2025-10-04 14:07:31,393 - __main__ - INFO - 📊 Paso 1: Obteniendo datos del CSV de GitHub...
2025-10-04 14:07:31,393 - scrapers.github_scraper - INFO - Obteniendo datos de CSV: https://raw.githubusercontent.com/jgalazka/SB_publications/main/SB_publication_PMC.csv
2025-10-04 14:07:31,393 - scrapers.github_scraper - INFO - URL raw: https://raw.githubusercontent.com/jgalazka/SB_publications/main/SB_publication_PMC.csv
2025-10-04 14:07:31,469 - scrapers.github_scraper - INFO - CSV obtenido exitosamente. 607 registros encontrados.
2025-10-04 14:07:31,491 - scrapers.github_scraper - INFO - CSV procesado: 607 registros válidos
2025-10-04 14:07:31,515 - scrapers.github_scraper - INFO - Validación completada: 607/607 enlaces válidos
2025-10-04 14:07:31,516 - __main__ - INFO - ✅ 607 artículos encontrados en el CSV
2025-10-04 14:07:31,516 - __main__ - INFO - 📝 Muestra de artículos:
2025-10-04 14:07:31,516 - __main__ - INFO -    1. Mice in Bion-M 1 space mission: training and selection...
2025-10-04 14:07:31,516 - __main__ - INFO -       URL: https://www.ncbi.nlm.nih.gov/pmc/articles/PMC4136787/
2025-10-04 14:07:31,516 - __main__ - INFO -    2. Microgravity induces pelvic bone loss through osteoclastic activity, osteocytic ...
2025-10-04 14:07:31,516 - __main__ - INFO -       URL: https://www.ncbi.nlm.nih.gov/pmc/articles/PMC3630201/
2025-10-04 14:07:31,516 - __main__ - INFO -    3. Stem Cell Health and Tissue Regeneration in Microgravity...
2025-10-04 14:07:31,517 - __main__ - INFO -       URL: https://www.ncbi.nlm.nih.gov/pmc/articles/PMC11988870/
2025-10-04 14:07:31,517 - __main__ - INFO - 📥 Paso 2: Descargando PDFs de PubMed Central...
2025-10-04 14:07:31,517 - WDM - INFO - ====== WebDriver manager ======
2025-10-04 14:07:32,303 - WDM - INFO - Get LATEST chromedriver version for google-chrome
2025-10-04 14:07:32,304 - scrapers.pubmed_scraper - ERROR - Error configurando WebDriver: 'NoneType' object has no attribute 'split'
2025-10-04 14:07:32,305 - __main__ - ERROR - ❌ Error durante la ejecución: 'NoneType' object has no attribute 'split'
2025-10-04 14:07:32,305 - __main__ - ERROR - Detalle del error:
Traceback (most recent call last):
  File "/home/r3y3x/hackaton/spaceAppHesoyam/main.py", line 63, in main
    pubmed_scraper = PubMedScraper(
  File "/home/r3y3x/hackaton/spaceAppHesoyam/scrapers/pubmed_scraper.py", line 54, in __init__
    self._setup_driver()
  File "/home/r3y3x/hackaton/spaceAppHesoyam/scrapers/pubmed_scraper.py", line 77, in _setup_driver
    service = Service(ChromeDriverManager().install())
  File "/home/r3y3x/.local/lib/python3.10/site-packages/webdriver_manager/chrome.py", line 40, in install
    driver_path = self._get_driver_binary_path(self.driver)
  File "/home/r3y3x/.local/lib/python3.10/site-packages/webdriver_manager/core/manager.py", line 40, in _get_driver_binary_path
    file = self._download_manager.download_file(driver.get_driver_download_url(os_type))
  File "/home/r3y3x/.local/lib/python3.10/site-packages/webdriver_manager/drivers/chrome.py", line 32, in get_driver_download_url
    driver_version_to_download = self.get_driver_version_to_download()
  File "/home/r3y3x/.local/lib/python3.10/site-packages/webdriver_manager/core/driver.py", line 48, in get_driver_version_to_download
    return self.get_latest_release_version()
  File "/home/r3y3x/.local/lib/python3.10/site-packages/webdriver_manager/drivers/chrome.py", line 64, in get_latest_release_version
    determined_browser_version = ".".join(determined_browser_version.split(".")[:3])
AttributeError: 'NoneType' object has no attribute 'split'
2025-10-04 14:07:32,311 - __main__ - INFO - 🧹 Limpiando recursos...
2025-10-04 14:07:44,295 - __main__ - INFO - 🧪 Ejecutando prueba de muestra...
2025-10-04 14:07:44,295 - __main__ - INFO - 🚀 Iniciando aplicación de scraping de artículos científicos...
2025-10-04 14:07:44,296 - __main__ - INFO - 📋 Configuración: {'csv_url': 'https://raw.githubusercontent.com/jgalazka/SB_publications/main/SB_publication_PMC.csv', 'download_dir': './downloads', 'markdown_dir': './markdown_output', 'max_downloads_per_hour': 50, 'delay_between_requests': 2.0, 'max_articles': 10, 'log_level': 'INFO'}
2025-10-04 14:07:44,296 - __main__ - INFO - 📊 Paso 1: Obteniendo datos del CSV de GitHub...
2025-10-04 14:07:44,296 - scrapers.github_scraper - INFO - Obteniendo datos de CSV: https://raw.githubusercontent.com/jgalazka/SB_publications/main/SB_publication_PMC.csv
2025-10-04 14:07:44,296 - scrapers.github_scraper - INFO - URL raw: https://raw.githubusercontent.com/jgalazka/SB_publications/main/SB_publication_PMC.csv
2025-10-04 14:07:44,396 - scrapers.github_scraper - INFO - CSV obtenido exitosamente. 607 registros encontrados.
2025-10-04 14:07:44,404 - scrapers.github_scraper - INFO - CSV procesado: 607 registros válidos
2025-10-04 14:07:44,439 - scrapers.github_scraper - INFO - Validación completada: 607/607 enlaces válidos
2025-10-04 14:07:44,440 - __main__ - INFO - ✅ 607 artículos encontrados en el CSV
2025-10-04 14:07:44,440 - __main__ - INFO - 📝 Muestra de artículos:
2025-10-04 14:07:44,440 - __main__ - INFO -    1. Mice in Bion-M 1 space mission: training and selection...
2025-10-04 14:07:44,441 - __main__ - INFO -       URL: https://www.ncbi.nlm.nih.gov/pmc/articles/PMC4136787/
2025-10-04 14:07:44,441 - __main__ - INFO -    2. Microgravity induces pelvic bone loss through osteoclastic activity, osteocytic ...
2025-10-04 14:07:44,441 - __main__ - INFO -       URL: https://www.ncbi.nlm.nih.gov/pmc/articles/PMC3630201/
2025-10-04 14:07:44,441 - __main__ - INFO -    3. Stem Cell Health and Tissue Regeneration in Microgravity...
2025-10-04 14:07:44,441 - __main__ - INFO -       URL: https://www.ncbi.nlm.nih.gov/pmc/articles/PMC11988870/
2025-10-04 14:07:44,441 - __main__ - INFO - 📥 Paso 2: Descargando PDFs de PubMed Central...
2025-10-04 14:07:44,441 - scrapers.pubmed_scraper - INFO - Inicializando WebDriver...
2025-10-04 14:07:44,441 - WDM - INFO - ====== WebDriver manager ======
2025-10-04 14:07:45,394 - WDM - INFO - Get LATEST chromedriver version for google-chrome
2025-10-04 14:07:45,394 - scrapers.pubmed_scraper - WARNING - ChromeDriverManager falló: 'NoneType' object has no attribute 'split'
2025-10-04 14:07:45,395 - scrapers.pubmed_scraper - INFO - Intentando método alternativo sin Chrome...
2025-10-04 14:07:45,395 - scrapers.pubmed_scraper - WARNING - WebDriver no disponible - usando solo requests como fallback
2025-10-04 14:07:45,395 - __main__ - INFO - 🔄 Descargando máximo 10 artículos...
2025-10-04 14:07:45,395 - scrapers.pubmed_scraper - INFO - 🚀 Iniciando descarga de 10 artículos...
2025-10-04 14:07:45,396 - scrapers.pubmed_scraper - INFO - 📄 Descargando artículo 1/10: Mice in Bion-M 1 space mission: training and selec...
2025-10-04 14:07:45,398 - scrapers.pubmed_scraper - INFO - Obteniendo PDF URL desde: https://www.ncbi.nlm.nih.gov/pmc/articles/PMC4136787/
2025-10-04 14:07:46,273 - scrapers.pubmed_scraper - INFO - PDF URL encontrada: https://www.ncbi.nlm.nih.gov/pmc/articles/PMC4136787/pdf/pone.0104830.pdf
2025-10-04 14:07:46,274 - scrapers.pubmed_scraper - INFO - Descargando PDF simp le: https://www.ncbi.nlm.nih.gov/pmc/articles/PMC4136787/pdf/pone.0104830.pdf
2025-10-04 14:07:46,609 - scrapers.pubmed_scraper - INFO - ✅ PDF descargado exitosamente: PMC4136787-Mice-in-Bion-M-1-space-mission-training-and-selection.pdf
2025-10-04 14:07:48,630 - scrapers.pubmed_scraper - INFO - 📄 Descargando artículo 2/10: Microgravity induces pelvic bone loss through oste...
2025-10-04 14:07:48,634 - scrapers.pubmed_scraper - INFO - Obteniendo PDF URL desde: https://www.ncbi.nlm.nih.gov/pmc/articles/PMC3630201/
2025-10-04 14:07:49,515 - scrapers.pubmed_scraper - INFO - PDF URL encontrada: https://www.ncbi.nlm.nih.gov/pmc/articles/PMC3630201/pdf/pone.0061372.pdf
2025-10-04 14:07:49,516 - scrapers.pubmed_scraper - INFO - Descargando PDF simp le: https://www.ncbi.nlm.nih.gov/pmc/articles/PMC3630201/pdf/pone.0061372.pdf
2025-10-04 14:07:49,828 - scrapers.pubmed_scraper - INFO - ✅ PDF descargado exitosamente: PMC3630201-Microgravity-induces-pelvic-bone-loss-through-osteoclastic-activity-osteocytic-osteolysis-and-osteob.pdf
2025-10-04 14:07:51,832 - scrapers.pubmed_scraper - INFO - 📄 Descargando artículo 3/10: Stem Cell Health and Tissue Regeneration in Microg...
2025-10-04 14:07:51,834 - scrapers.pubmed_scraper - INFO - Obteniendo PDF URL desde: https://www.ncbi.nlm.nih.gov/pmc/articles/PMC11988870/
2025-10-04 14:07:52,573 - scrapers.pubmed_scraper - INFO - PDF URL encontrada: https://www.ncbi.nlm.nih.gov/pmc/articles/PMC11988870/pdf/ijms-26-03058.pdf
2025-10-04 14:07:52,573 - scrapers.pubmed_scraper - INFO - Descargando PDF simp le: https://www.ncbi.nlm.nih.gov/pmc/articles/PMC11988870/pdf/ijms-26-03058.pdf
2025-10-04 14:07:52,912 - scrapers.pubmed_scraper - INFO - ✅ PDF descargado exitosamente: PMC11988870-Stem-Cell-Health-and-Tissue-Regeneration-in-Microgravity.pdf
2025-10-04 14:07:54,917 - scrapers.pubmed_scraper - INFO - 📄 Descargando artículo 4/10: Microgravity Reduces the Differentiation and Regen...
2025-10-04 14:07:54,919 - scrapers.pubmed_scraper - INFO - Obteniendo PDF URL desde: https://www.ncbi.nlm.nih.gov/pmc/articles/PMC7998608/
2025-10-04 14:07:55,673 - scrapers.pubmed_scraper - INFO - PDF URL encontrada: https://www.ncbi.nlm.nih.gov/pmc/articles/PMC7998608/pdf/cells-10-00560.pdf
2025-10-04 14:07:55,675 - scrapers.pubmed_scraper - INFO - Descargando PDF simp le: https://www.ncbi.nlm.nih.gov/pmc/articles/PMC7998608/pdf/cells-10-00560.pdf
2025-10-04 14:07:56,025 - scrapers.pubmed_scraper - INFO - ✅ PDF descargado exitosamente: PMC7998608-Microgravity-Reduces-the-Differentiation-and-Regenerative-Potential-of-Embryonic-Stem-Cells.pdf
2025-10-04 14:07:58,030 - scrapers.pubmed_scraper - INFO - 📄 Descargando artículo 5/10: Microgravity validation of a novel system for RNA ...
2025-10-04 14:07:58,031 - scrapers.pubmed_scraper - INFO - Obteniendo PDF URL desde: https://www.ncbi.nlm.nih.gov/pmc/articles/PMC5587110/
2025-10-04 14:07:58,751 - scrapers.pubmed_scraper - INFO - PDF URL encontrada: https://www.ncbi.nlm.nih.gov/pmc/articles/PMC5587110/pdf/pone.0183480.pdf
2025-10-04 14:07:58,752 - scrapers.pubmed_scraper - INFO - Descargando PDF simp le: https://www.ncbi.nlm.nih.gov/pmc/articles/PMC5587110/pdf/pone.0183480.pdf
2025-10-04 14:07:59,065 - scrapers.pubmed_scraper - INFO - ✅ PDF descargado exitosamente: PMC5587110-Microgravity-validation-of-a-novel-system-for-RNA-isolation-and-multiplex-quantitative-real-time-PCR.pdf
2025-10-04 14:08:01,095 - scrapers.pubmed_scraper - INFO - 📄 Descargando artículo 6/10: Spaceflight Modulates the Expression of Key Oxidat...
2025-10-04 14:08:01,095 - scrapers.pubmed_scraper - INFO - Obteniendo PDF URL desde: https://www.ncbi.nlm.nih.gov/pmc/articles/PMC8396460/
2025-10-04 14:08:01,865 - scrapers.pubmed_scraper - INFO - PDF URL encontrada: https://www.ncbi.nlm.nih.gov/pmc/articles/PMC8396460/pdf/ijms-22-09088.pdf
2025-10-04 14:08:01,866 - scrapers.pubmed_scraper - INFO - Descargando PDF simp le: https://www.ncbi.nlm.nih.gov/pmc/articles/PMC8396460/pdf/ijms-22-09088.pdf
2025-10-04 14:08:02,210 - scrapers.pubmed_scraper - INFO - ✅ PDF descargado exitosamente: PMC8396460-Spaceflight-Modulates-the-Expression-of-Key-Oxidative-Stress-and-Cell-Cycle-Related-Genes-in-Heart.pdf
2025-10-04 14:08:02,629 - scrapers.pubmed_scraper - INFO - 📄 Descargando artículo 7/10: Dose- and Ion-Dependent Effects in the Oxidative S...
2025-10-04 14:08:02,630 - scrapers.pubmed_scraper - INFO - Obteniendo PDF URL desde: https://www.ncbi.nlm.nih.gov/pmc/articles/PMC5666799/
2025-10-04 14:08:03,405 - scrapers.pubmed_scraper - INFO - PDF URL encontrada: https://www.ncbi.nlm.nih.gov/pmc/articles/PMC5666799/pdf/ijms-18-02117.pdf
2025-10-04 14:08:03,405 - scrapers.pubmed_scraper - INFO - Descargando PDF simp le: https://www.ncbi.nlm.nih.gov/pmc/articles/PMC5666799/pdf/ijms-18-02117.pdf
2025-10-04 14:08:03,737 - scrapers.pubmed_scraper - INFO - ✅ PDF descargado exitosamente: PMC5666799-Dose-and-Ion-Dependent-Effects-in-the-Oxidative-Stress-Response-to-Space-Like-Radiation-Exposure-in-.pdf
2025-10-04 14:08:05,740 - scrapers.pubmed_scraper - INFO - 📄 Descargando artículo 8/10: From the bench to exploration medicine: NASA life ...
2025-10-04 14:08:05,741 - scrapers.pubmed_scraper - INFO - Obteniendo PDF URL desde: https://www.ncbi.nlm.nih.gov/pmc/articles/PMC5460236/
2025-10-04 14:08:06,627 - scrapers.pubmed_scraper - INFO - PDF URL encontrada: https://www.ncbi.nlm.nih.gov/pmc/articles/PMC5460236/pdf/41526_2016_Article_2.pdf
2025-10-04 14:08:06,628 - scrapers.pubmed_scraper - INFO - Descargando PDF simp le: https://www.ncbi.nlm.nih.gov/pmc/articles/PMC5460236/pdf/41526_2016_Article_2.pdf
2025-10-04 14:08:06,939 - scrapers.pubmed_scraper - INFO - ✅ PDF descargado exitosamente: PMC5460236-From-the-bench-to-exploration-medicine-NASA-life-sciences-translational-research-for-human-explorati.pdf
2025-10-04 14:08:08,987 - scrapers.pubmed_scraper - INFO - 📄 Descargando artículo 9/10: High-precision method for cyclic loading of small-...
2025-10-04 14:08:08,987 - scrapers.pubmed_scraper - INFO - Obteniendo PDF URL desde: https://www.ncbi.nlm.nih.gov/pmc/articles/PMC6222041/
2025-10-04 14:08:09,733 - scrapers.pubmed_scraper - INFO - PDF URL encontrada: https://www.ncbi.nlm.nih.gov/pmc/articles/PMC6222041/pdf/main.pdf
2025-10-04 14:08:09,733 - scrapers.pubmed_scraper - INFO - Descargando PDF simp le: https://www.ncbi.nlm.nih.gov/pmc/articles/PMC6222041/pdf/main.pdf
2025-10-04 14:08:10,069 - scrapers.pubmed_scraper - INFO - ✅ PDF descargado exitosamente: PMC6222041-High-precision-method-for-cyclic-loading-of-small-animal-vertebrae-to-assess-bone-quality.pdf
2025-10-04 14:08:12,076 - scrapers.pubmed_scraper - INFO - 📄 Descargando artículo 10/10: Effects of ex vivo ionizing radiation on collagen ...
2025-10-04 14:08:12,077 - scrapers.pubmed_scraper - INFO - Obteniendo PDF URL desde: https://www.ncbi.nlm.nih.gov/pmc/articles/PMC6813909/
2025-10-04 14:08:12,794 - scrapers.pubmed_scraper - INFO - PDF URL encontrada: https://www.ncbi.nlm.nih.gov/pmc/articles/PMC6813909/pdf/nihms-1538854.pdf
2025-10-04 14:08:12,794 - scrapers.pubmed_scraper - INFO - Descargando PDF simp le: https://www.ncbi.nlm.nih.gov/pmc/articles/PMC6813909/pdf/nihms-1538854.pdf
2025-10-04 14:08:13,131 - scrapers.pubmed_scraper - INFO - ✅ PDF descargado exitosamente: PMC6813909-Effects-of-ex-vivo-ionizing-radiation-on-collagen-structure-and-whole-bone-mechanical-properties-of-.pdf
2025-10-04 14:08:15,161 - scrapers.pubmed_scraper - INFO - ✅ Descarga completada. 10/10 archivos descargados
2025-10-04 14:08:15,162 - __main__ - INFO - ✅ 10 PDFs descargados exitosamente
2025-10-04 14:08:15,162 - __main__ - INFO - 📄 Paso 3: Convirtiendo PDFs a formato Markdown...
2025-10-04 14:08:15,162 - converters.pdf_to_markdown - INFO - 🔄 Iniciando conversión de 10 PDFs...
2025-10-04 14:08:15,162 - converters.pdf_to_markdown - INFO - 📄 Convirtiendo 1/10: PMC4136787-Mice-in-Bion-M-1-space-mission-training-and-selection.pdf
2025-10-04 14:08:15,162 - converters.pdf_to_markdown - INFO - Extrayendo texto de: /home/r3y3x/hackaton/spaceAppHesoyam/downloads/PMC4136787-Mice-in-Bion-M-1-space-mission-training-and-selection.pdf
2025-10-04 14:08:15,163 - converters.pdf_to_markdown - ERROR - Error extrayendo texto de /home/r3y3x/hackaton/spaceAppHesoyam/downloads/PMC4136787-Mice-in-Bion-M-1-space-mission-training-and-selection.pdf: EOF marker not found
2025-10-04 14:08:15,163 - converters.pdf_to_markdown - ERROR - No se pudo extraer texto de: /home/r3y3x/hackaton/spaceAppHesoyam/downloads/PMC4136787-Mice-in-Bion-M-1-space-mission-training-and-selection.pdf
2025-10-04 14:08:15,163 - converters.pdf_to_markdown - INFO - ✅ Markdown guardado: ./markdown_output/PMC4136787-Mice-in-Bion-M-1-space-mission-training-and-selection.md
2025-10-04 14:08:15,163 - converters.pdf_to_markdown - INFO - 📄 Convirtiendo 2/10: PMC3630201-Microgravity-induces-pelvic-bone-loss-through-osteoclastic-activity-osteocytic-osteolysis-and-osteob.pdf
2025-10-04 14:08:15,163 - converters.pdf_to_markdown - INFO - Extrayendo texto de: /home/r3y3x/hackaton/spaceAppHesoyam/downloads/PMC3630201-Microgravity-induces-pelvic-bone-loss-through-osteoclastic-activity-osteocytic-osteolysis-and-osteob.pdf
2025-10-04 14:08:15,163 - converters.pdf_to_markdown - ERROR - Error extrayendo texto de /home/r3y3x/hackaton/spaceAppHesoyam/downloads/PMC3630201-Microgravity-induces-pelvic-bone-loss-through-osteoclastic-activity-osteocytic-osteolysis-and-osteob.pdf: EOF marker not found
2025-10-04 14:08:15,163 - converters.pdf_to_markdown - ERROR - No se pudo extraer texto de: /home/r3y3x/hackaton/spaceAppHesoyam/downloads/PMC3630201-Microgravity-induces-pelvic-bone-loss-through-osteoclastic-activity-osteocytic-osteolysis-and-osteob.pdf
2025-10-04 14:08:15,163 - converters.pdf_to_markdown - INFO - ✅ Markdown guardado: ./markdown_output/PMC3630201-Microgravity-induces-pelvic-bone-loss-through-osteoclastic-activity-osteocytic-osteolysis-and-osteob.md
2025-10-04 14:08:15,163 - converters.pdf_to_markdown - INFO - 📄 Convirtiendo 3/10: PMC11988870-Stem-Cell-Health-and-Tissue-Regeneration-in-Microgravity.pdf
2025-10-04 14:08:15,163 - converters.pdf_to_markdown - INFO - Extrayendo texto de: /home/r3y3x/hackaton/spaceAppHesoyam/downloads/PMC11988870-Stem-Cell-Health-and-Tissue-Regeneration-in-Microgravity.pdf
2025-10-04 14:08:15,164 - converters.pdf_to_markdown - ERROR - Error extrayendo texto de /home/r3y3x/hackaton/spaceAppHesoyam/downloads/PMC11988870-Stem-Cell-Health-and-Tissue-Regeneration-in-Microgravity.pdf: EOF marker not found
2025-10-04 14:08:15,164 - converters.pdf_to_markdown - ERROR - No se pudo extraer texto de: /home/r3y3x/hackaton/spaceAppHesoyam/downloads/PMC11988870-Stem-Cell-Health-and-Tissue-Regeneration-in-Microgravity.pdf
2025-10-04 14:08:15,164 - converters.pdf_to_markdown - INFO - ✅ Markdown guardado: ./markdown_output/PMC11988870-Stem-Cell-Health-and-Tissue-Regeneration-in-Microgravity.md
2025-10-04 14:08:15,164 - converters.pdf_to_markdown - INFO - 📄 Convirtiendo 4/10: PMC7998608-Microgravity-Reduces-the-Differentiation-and-Regenerative-Potential-of-Embryonic-Stem-Cells.pdf
2025-10-04 14:08:15,164 - converters.pdf_to_markdown - INFO - Extrayendo texto de: /home/r3y3x/hackaton/spaceAppHesoyam/downloads/PMC7998608-Microgravity-Reduces-the-Differentiation-and-Regenerative-Potential-of-Embryonic-Stem-Cells.pdf
2025-10-04 14:08:15,164 - converters.pdf_to_markdown - ERROR - Error extrayendo texto de /home/r3y3x/hackaton/spaceAppHesoyam/downloads/PMC7998608-Microgravity-Reduces-the-Differentiation-and-Regenerative-Potential-of-Embryonic-Stem-Cells.pdf: EOF marker not found
2025-10-04 14:08:15,164 - converters.pdf_to_markdown - ERROR - No se pudo extraer texto de: /home/r3y3x/hackaton/spaceAppHesoyam/downloads/PMC7998608-Microgravity-Reduces-the-Differentiation-and-Regenerative-Potential-of-Embryonic-Stem-Cells.pdf
2025-10-04 14:08:15,165 - converters.pdf_to_markdown - INFO - ✅ Markdown guardado: ./markdown_output/PMC7998608-Microgravity-Reduces-the-Differentiation-and-Regenerative-Potential-of-Embryonic-Stem-Cells.md
2025-10-04 14:08:15,165 - converters.pdf_to_markdown - INFO - 📄 Convirtiendo 5/10: PMC5587110-Microgravity-validation-of-a-novel-system-for-RNA-isolation-and-multiplex-quantitative-real-time-PCR.pdf
2025-10-04 14:08:15,165 - converters.pdf_to_markdown - INFO - Extrayendo texto de: /home/r3y3x/hackaton/spaceAppHesoyam/downloads/PMC5587110-Microgravity-validation-of-a-novel-system-for-RNA-isolation-and-multiplex-quantitative-real-time-PCR.pdf
2025-10-04 14:08:15,166 - converters.pdf_to_markdown - ERROR - Error extrayendo texto de /home/r3y3x/hackaton/spaceAppHesoyam/downloads/PMC5587110-Microgravity-validation-of-a-novel-system-for-RNA-isolation-and-multiplex-quantitative-real-time-PCR.pdf: EOF marker not found
2025-10-04 14:08:15,166 - converters.pdf_to_markdown - ERROR - No se pudo extraer texto de: /home/r3y3x/hackaton/spaceAppHesoyam/downloads/PMC5587110-Microgravity-validation-of-a-novel-system-for-RNA-isolation-and-multiplex-quantitative-real-time-PCR.pdf
2025-10-04 14:08:15,167 - converters.pdf_to_markdown - INFO - ✅ Markdown guardado: ./markdown_output/PMC5587110-Microgravity-validation-of-a-novel-system-for-RNA-isolation-and-multiplex-quantitative-real-time-PCR.md
2025-10-04 14:08:15,167 - converters.pdf_to_markdown - INFO - 📄 Convirtiendo 6/10: PMC8396460-Spaceflight-Modulates-the-Expression-of-Key-Oxidative-Stress-and-Cell-Cycle-Related-Genes-in-Heart.pdf
2025-10-04 14:08:15,167 - converters.pdf_to_markdown - INFO - Extrayendo texto de: /home/r3y3x/hackaton/spaceAppHesoyam/downloads/PMC8396460-Spaceflight-Modulates-the-Expression-of-Key-Oxidative-Stress-and-Cell-Cycle-Related-Genes-in-Heart.pdf
2025-10-04 14:08:15,167 - converters.pdf_to_markdown - ERROR - Error extrayendo texto de /home/r3y3x/hackaton/spaceAppHesoyam/downloads/PMC8396460-Spaceflight-Modulates-the-Expression-of-Key-Oxidative-Stress-and-Cell-Cycle-Related-Genes-in-Heart.pdf: EOF marker not found
2025-10-04 14:08:15,168 - converters.pdf_to_markdown - ERROR - No se pudo extraer texto de: /home/r3y3x/hackaton/spaceAppHesoyam/downloads/PMC8396460-Spaceflight-Modulates-the-Expression-of-Key-Oxidative-Stress-and-Cell-Cycle-Related-Genes-in-Heart.pdf
2025-10-04 14:08:15,168 - converters.pdf_to_markdown - INFO - ✅ Markdown guardado: ./markdown_output/PMC8396460-Spaceflight-Modulates-the-Expression-of-Key-Oxidative-Stress-and-Cell-Cycle-Related-Genes-in-Heart.md
2025-10-04 14:08:15,168 - converters.pdf_to_markdown - INFO - 📄 Convirtiendo 7/10: PMC5666799-Dose-and-Ion-Dependent-Effects-in-the-Oxidative-Stress-Response-to-Space-Like-Radiation-Exposure-in-.pdf
2025-10-04 14:08:15,168 - converters.pdf_to_markdown - INFO - Extrayendo texto de: /home/r3y3x/hackaton/spaceAppHesoyam/downloads/PMC5666799-Dose-and-Ion-Dependent-Effects-in-the-Oxidative-Stress-Response-to-Space-Like-Radiation-Exposure-in-.pdf
2025-10-04 14:08:15,168 - converters.pdf_to_markdown - ERROR - Error extrayendo texto de /home/r3y3x/hackaton/spaceAppHesoyam/downloads/PMC5666799-Dose-and-Ion-Dependent-Effects-in-the-Oxidative-Stress-Response-to-Space-Like-Radiation-Exposure-in-.pdf: EOF marker not found
2025-10-04 14:08:15,168 - converters.pdf_to_markdown - ERROR - No se pudo extraer texto de: /home/r3y3x/hackaton/spaceAppHesoyam/downloads/PMC5666799-Dose-and-Ion-Dependent-Effects-in-the-Oxidative-Stress-Response-to-Space-Like-Radiation-Exposure-in-.pdf
2025-10-04 14:08:15,168 - converters.pdf_to_markdown - INFO - ✅ Markdown guardado: ./markdown_output/PMC5666799-Dose-and-Ion-Dependent-Effects-in-the-Oxidative-Stress-Response-to-Space-Like-Radiation-Exposure-in-.md
2025-10-04 14:08:15,168 - converters.pdf_to_markdown - INFO - 📄 Convirtiendo 8/10: PMC5460236-From-the-bench-to-exploration-medicine-NASA-life-sciences-translational-research-for-human-explorati.pdf
2025-10-04 14:08:15,168 - converters.pdf_to_markdown - INFO - Extrayendo texto de: /home/r3y3x/hackaton/spaceAppHesoyam/downloads/PMC5460236-From-the-bench-to-exploration-medicine-NASA-life-sciences-translational-research-for-human-explorati.pdf
2025-10-04 14:08:15,168 - converters.pdf_to_markdown - ERROR - Error extrayendo texto de /home/r3y3x/hackaton/spaceAppHesoyam/downloads/PMC5460236-From-the-bench-to-exploration-medicine-NASA-life-sciences-translational-research-for-human-explorati.pdf: EOF marker not found
2025-10-04 14:08:15,168 - converters.pdf_to_markdown - ERROR - No se pudo extraer texto de: /home/r3y3x/hackaton/spaceAppHesoyam/downloads/PMC5460236-From-the-bench-to-exploration-medicine-NASA-life-sciences-translational-research-for-human-explorati.pdf
2025-10-04 14:08:15,169 - converters.pdf_to_markdown - INFO - ✅ Markdown guardado: ./markdown_output/PMC5460236-From-the-bench-to-exploration-medicine-NASA-life-sciences-translational-research-for-human-explorati.md
2025-10-04 14:08:15,169 - converters.pdf_to_markdown - INFO - 📄 Convirtiendo 9/10: PMC6222041-High-precision-method-for-cyclic-loading-of-small-animal-vertebrae-to-assess-bone-quality.pdf
2025-10-04 14:08:15,169 - converters.pdf_to_markdown - INFO - Extrayendo texto de: /home/r3y3x/hackaton/spaceAppHesoyam/downloads/PMC6222041-High-precision-method-for-cyclic-loading-of-small-animal-vertebrae-to-assess-bone-quality.pdf
2025-10-04 14:08:15,169 - converters.pdf_to_markdown - ERROR - Error extrayendo texto de /home/r3y3x/hackaton/spaceAppHesoyam/downloads/PMC6222041-High-precision-method-for-cyclic-loading-of-small-animal-vertebrae-to-assess-bone-quality.pdf: EOF marker not found
2025-10-04 14:08:15,169 - converters.pdf_to_markdown - ERROR - No se pudo extraer texto de: /home/r3y3x/hackaton/spaceAppHesoyam/downloads/PMC6222041-High-precision-method-for-cyclic-loading-of-small-animal-vertebrae-to-assess-bone-quality.pdf
2025-10-04 14:08:15,172 - converters.pdf_to_markdown - INFO - ✅ Markdown guardado: ./markdown_output/PMC6222041-High-precision-method-for-cyclic-loading-of-small-animal-vertebrae-to-assess-bone-quality.md
2025-10-04 14:08:15,172 - converters.pdf_to_markdown - INFO - 📄 Convirtiendo 10/10: PMC6813909-Effects-of-ex-vivo-ionizing-radiation-on-collagen-structure-and-whole-bone-mechanical-properties-of-.pdf
2025-10-04 14:08:15,172 - converters.pdf_to_markdown - INFO - Extrayendo texto de: /home/r3y3x/hackaton/spaceAppHesoyam/downloads/PMC6813909-Effects-of-ex-vivo-ionizing-radiation-on-collagen-structure-and-whole-bone-mechanical-properties-of-.pdf
2025-10-04 14:08:15,173 - converters.pdf_to_markdown - ERROR - Error extrayendo texto de /home/r3y3x/hackaton/spaceAppHesoyam/downloads/PMC6813909-Effects-of-ex-vivo-ionizing-radiation-on-collagen-structure-and-whole-bone-mechanical-properties-of-.pdf: EOF marker not found
2025-10-04 14:08:15,173 - converters.pdf_to_markdown - ERROR - No se pudo extraer texto de: /home/r3y3x/hackaton/spaceAppHesoyam/downloads/PMC6813909-Effects-of-ex-vivo-ionizing-radiation-on-collagen-structure-and-whole-bone-mechanical-properties-of-.pdf
2025-10-04 14:08:15,173 - converters.pdf_to_markdown - INFO - ✅ Markdown guardado: ./markdown_output/PMC6813909-Effects-of-ex-vivo-ionizing-radiation-on-collagen-structure-and-whole-bone-mechanical-properties-of-.md
2025-10-04 14:08:15,173 - converters.pdf_to_markdown - INFO - ✅ Conversión completada: 10/10 archivos convertidos
2025-10-04 14:08:15,173 - __main__ - INFO - ✅ 10 archivos Markdown generados
2025-10-04 14:08:15,174 - __main__ - INFO - 📁 Archivos Markdown generados:
2025-10-04 14:08:15,174 - __main__ - INFO -    • ./markdown_output/PMC4136787-Mice-in-Bion-M-1-space-mission-training-and-selection.md
2025-10-04 14:08:15,174 - __main__ - INFO -    • ./markdown_output/PMC3630201-Microgravity-induces-pelvic-bone-loss-through-osteoclastic-activity-osteocytic-osteolysis-and-osteob.md
2025-10-04 14:08:15,174 - __main__ - INFO -    • ./markdown_output/PMC11988870-Stem-Cell-Health-and-Tissue-Regeneration-in-Microgravity.md
2025-10-04 14:08:15,174 - __main__ - INFO -    • ./markdown_output/PMC7998608-Microgravity-Reduces-the-Differentiation-and-Regenerative-Potential-of-Embryonic-Stem-Cells.md
2025-10-04 14:08:15,174 - __main__ - INFO -    • ./markdown_output/PMC5587110-Microgravity-validation-of-a-novel-system-for-RNA-isolation-and-multiplex-quantitative-real-time-PCR.md
2025-10-04 14:08:15,174 - __main__ - INFO -    • ./markdown_output/PMC8396460-Spaceflight-Modulates-the-Expression-of-Key-Oxidative-Stress-and-Cell-Cycle-Related-Genes-in-Heart.md
2025-10-04 14:08:15,174 - __main__ - INFO -    • ./markdown_output/PMC5666799-Dose-and-Ion-Dependent-Effects-in-the-Oxidative-Stress-Response-to-Space-Like-Radiation-Exposure-in-.md
2025-10-04 14:08:15,174 - __main__ - INFO -    • ./markdown_output/PMC5460236-From-the-bench-to-exploration-medicine-NASA-life-sciences-translational-research-for-human-explorati.md
2025-10-04 14:08:15,174 - __main__ - INFO -    • ./markdown_output/PMC6222041-High-precision-method-for-cyclic-loading-of-small-animal-vertebrae-to-assess-bone-quality.md
2025-10-04 14:08:15,174 - __main__ - INFO -    • ./markdown_output/PMC6813909-Effects-of-ex-vivo-ionizing-radiation-on-collagen-structure-and-whole-bone-mechanical-properties-of-.md
2025-10-04 14:08:15,174 - __main__ - INFO - 🎉 Proceso completado exitosamente!
2025-10-04 14:08:15,174 - __main__ - INFO - 📊 Resumen:
2025-10-04 14:08:15,174 - __main__ - INFO -    • Artículos encontrados: 607
2025-10-04 14:08:15,174 - __main__ - INFO -    • PDFs descargados: 10
2025-10-04 14:08:15,174 - __main__ - INFO -    • Markdown generados: 10
2025-10-04 14:08:15,174 - __main__ - INFO - 🧹 Limpiando recursos...
2025-10-04 14:37:46,764 - __main__ - INFO - 🧪 Ejecutando prueba de muestra...
2025-10-04 14:37:46,765 - __main__ - INFO - 🚀 Iniciando aplicación de scraping de artículos científicos...
2025-10-04 14:37:46,765 - __main__ - INFO - 📋 Configuración: {'csv_url': 'https://raw.githubusercontent.com/jgalazka/SB_publications/main/SB_publication_PMC.csv', 'download_dir': './downloads', 'markdown_dir': './markdown_output', 'max_downloads_per_hour': 50, 'delay_between_requests': 2.0, 'max_articles': 10, 'log_level': 'INFO'}
2025-10-04 14:37:46,766 - __main__ - INFO - 📊 Paso 1: Obteniendo datos del CSV de GitHub...
2025-10-04 14:37:46,767 - scrapers.github_scraper - INFO - Obteniendo datos de CSV: https://raw.githubusercontent.com/jgalazka/SB_publications/main/SB_publication_PMC.csv
2025-10-04 14:37:46,767 - scrapers.github_scraper - INFO - URL raw: https://raw.githubusercontent.com/jgalazka/SB_publications/main/SB_publication_PMC.csv
2025-10-04 14:37:47,169 - scrapers.github_scraper - INFO - CSV obtenido exitosamente. 607 registros encontrados.
2025-10-04 14:37:47,182 - scrapers.github_scraper - INFO - CSV procesado: 607 registros válidos
2025-10-04 14:37:47,214 - scrapers.github_scraper - INFO - Validación completada: 607/607 enlaces válidos
2025-10-04 14:37:47,215 - __main__ - INFO - ✅ 607 artículos encontrados en el CSV
2025-10-04 14:37:47,215 - __main__ - INFO - 📝 Muestra de artículos:
2025-10-04 14:37:47,217 - __main__ - INFO -    1. Mice in Bion-M 1 space mission: training and selection...
2025-10-04 14:37:47,217 - __main__ - INFO -       URL: https://www.ncbi.nlm.nih.gov/pmc/articles/PMC4136787/
2025-10-04 14:37:47,217 - __main__ - INFO -    2. Microgravity induces pelvic bone loss through osteoclastic activity, osteocytic ...
2025-10-04 14:37:47,217 - __main__ - INFO -       URL: https://www.ncbi.nlm.nih.gov/pmc/articles/PMC3630201/
2025-10-04 14:37:47,217 - __main__ - INFO -    3. Stem Cell Health and Tissue Regeneration in Microgravity...
2025-10-04 14:37:47,217 - __main__ - INFO -       URL: https://www.ncbi.nlm.nih.gov/pmc/articles/PMC11988870/
2025-10-04 14:37:47,217 - __main__ - INFO - 📥 Paso 2: Descargando PDFs de PubMed Central...
2025-10-04 14:37:47,218 - scrapers.pubmed_scraper - INFO - Inicializando WebDriver...
2025-10-04 14:37:47,218 - WDM - INFO - ====== WebDriver manager ======
2025-10-04 14:37:48,164 - WDM - INFO - Get LATEST chromedriver version for google-chrome
2025-10-04 14:37:48,164 - scrapers.pubmed_scraper - WARNING - ChromeDriverManager falló: 'NoneType' object has no attribute 'split'
2025-10-04 14:37:48,164 - scrapers.pubmed_scraper - INFO - Intentando método alternativo sin Chrome...
2025-10-04 14:37:48,164 - scrapers.pubmed_scraper - WARNING - WebDriver no disponible - usando solo requests como fallback
2025-10-04 14:37:48,164 - __main__ - INFO - 🔄 Descargando máximo 10 artículos...
2025-10-04 14:37:48,164 - scrapers.pubmed_scraper - INFO - 🚀 Iniciando descarga de 10 artículos...
2025-10-04 14:37:48,166 - scrapers.pubmed_scraper - INFO - 📄 Descargando artículo 1/10: Mice in Bion-M 1 space mission: training and selec...
2025-10-04 14:37:48,167 - scrapers.pubmed_scraper - INFO - 📁 Archivo ya existe: PMC4136787-Mice-in-Bion-M-1-space-mission-training-and-selection.pdf
2025-10-04 14:37:48,168 - scrapers.pubmed_scraper - INFO - 📄 Descargando artículo 2/10: Microgravity induces pelvic bone loss through oste...
2025-10-04 14:37:48,168 - scrapers.pubmed_scraper - INFO - 📁 Archivo ya existe: PMC3630201-Microgravity-induces-pelvic-bone-loss-through-osteoclastic-activity-osteocytic-osteolysis-and-osteob.pdf
2025-10-04 14:37:48,168 - scrapers.pubmed_scraper - INFO - 📄 Descargando artículo 3/10: Stem Cell Health and Tissue Regeneration in Microg...
2025-10-04 14:37:48,168 - scrapers.pubmed_scraper - INFO - 📁 Archivo ya existe: PMC11988870-Stem-Cell-Health-and-Tissue-Regeneration-in-Microgravity.pdf
2025-10-04 14:37:48,169 - scrapers.pubmed_scraper - INFO - 📄 Descargando artículo 4/10: Microgravity Reduces the Differentiation and Regen...
2025-10-04 14:37:48,169 - scrapers.pubmed_scraper - INFO - 📁 Archivo ya existe: PMC7998608-Microgravity-Reduces-the-Differentiation-and-Regenerative-Potential-of-Embryonic-Stem-Cells.pdf
2025-10-04 14:37:48,169 - scrapers.pubmed_scraper - INFO - 📄 Descargando artículo 5/10: Microgravity validation of a novel system for RNA ...
2025-10-04 14:37:48,169 - scrapers.pubmed_scraper - INFO - 📁 Archivo ya existe: PMC5587110-Microgravity-validation-of-a-novel-system-for-RNA-isolation-and-multiplex-quantitative-real-time-PCR.pdf
2025-10-04 14:37:48,170 - scrapers.pubmed_scraper - INFO - 📄 Descargando artículo 6/10: Spaceflight Modulates the Expression of Key Oxidat...
2025-10-04 14:37:48,170 - scrapers.pubmed_scraper - INFO - 📁 Archivo ya existe: PMC8396460-Spaceflight-Modulates-the-Expression-of-Key-Oxidative-Stress-and-Cell-Cycle-Related-Genes-in-Heart.pdf
2025-10-04 14:37:48,170 - scrapers.pubmed_scraper - INFO - 📄 Descargando artículo 7/10: Dose- and Ion-Dependent Effects in the Oxidative S...
2025-10-04 14:37:48,170 - scrapers.pubmed_scraper - INFO - 📁 Archivo ya existe: PMC5666799-Dose-and-Ion-Dependent-Effects-in-the-Oxidative-Stress-Response-to-Space-Like-Radiation-Exposure-in-.pdf
2025-10-04 14:37:48,170 - scrapers.pubmed_scraper - INFO - 📄 Descargando artículo 8/10: From the bench to exploration medicine: NASA life ...
2025-10-04 14:37:48,170 - scrapers.pubmed_scraper - INFO - 📁 Archivo ya existe: PMC5460236-From-the-bench-to-exploration-medicine-NASA-life-sciences-translational-research-for-human-explorati.pdf
2025-10-04 14:37:48,170 - scrapers.pubmed_scraper - INFO - 📄 Descargando artículo 9/10: High-precision method for cyclic loading of small-...
2025-10-04 14:37:48,170 - scrapers.pubmed_scraper - INFO - 📁 Archivo ya existe: PMC6222041-High-precision-method-for-cyclic-loading-of-small-animal-vertebrae-to-assess-bone-quality.pdf
2025-10-04 14:37:48,170 - scrapers.pubmed_scraper - INFO - 📄 Descargando artículo 10/10: Effects of ex vivo ionizing radiation on collagen ...
2025-10-04 14:37:48,171 - scrapers.pubmed_scraper - INFO - 📁 Archivo ya existe: PMC6813909-Effects-of-ex-vivo-ionizing-radiation-on-collagen-structure-and-whole-bone-mechanical-properties-of-.pdf
2025-10-04 14:37:48,171 - scrapers.pubmed_scraper - INFO - ✅ Descarga completada. 10/10 archivos descargados
2025-10-04 14:37:48,171 - __main__ - INFO - ✅ 10 PDFs descargados exitosamente
2025-10-04 14:37:48,171 - __main__ - INFO - 📄 Paso 3: Convirtiendo PDFs a formato Markdown...
2025-10-04 14:37:48,171 - converters.pdf_to_markdown - INFO - 🔄 Iniciando conversión de 10 PDFs...
2025-10-04 14:37:48,171 - converters.pdf_to_markdown - INFO - 📄 Convirtiendo 1/10: PMC4136787-Mice-in-Bion-M-1-space-mission-training-and-selection.pdf
2025-10-04 14:37:48,171 - converters.pdf_to_markdown - INFO - Extrayendo texto de: /home/r3y3x/hackaton/spaceAppHesoyam/downloads/PMC4136787-Mice-in-Bion-M-1-space-mission-training-and-selection.pdf
2025-10-04 14:37:48,171 - converters.pdf_to_markdown - ERROR - Error extrayendo texto de /home/r3y3x/hackaton/spaceAppHesoyam/downloads/PMC4136787-Mice-in-Bion-M-1-space-mission-training-and-selection.pdf: EOF marker not found
2025-10-04 14:37:48,171 - converters.pdf_to_markdown - ERROR - No se pudo extraer texto de: /home/r3y3x/hackaton/spaceAppHesoyam/downloads/PMC4136787-Mice-in-Bion-M-1-space-mission-training-and-selection.pdf
2025-10-04 14:37:48,177 - converters.pdf_to_markdown - INFO - ✅ Markdown guardado: ./markdown_output/PMC4136787-Mice-in-Bion-M-1-space-mission-training-and-selection.md
2025-10-04 14:37:48,178 - converters.pdf_to_markdown - INFO - 📄 Convirtiendo 2/10: PMC3630201-Microgravity-induces-pelvic-bone-loss-through-osteoclastic-activity-osteocytic-osteolysis-and-osteob.pdf
2025-10-04 14:37:48,178 - converters.pdf_to_markdown - INFO - Extrayendo texto de: /home/r3y3x/hackaton/spaceAppHesoyam/downloads/PMC3630201-Microgravity-induces-pelvic-bone-loss-through-osteoclastic-activity-osteocytic-osteolysis-and-osteob.pdf
2025-10-04 14:37:48,178 - converters.pdf_to_markdown - ERROR - Error extrayendo texto de /home/r3y3x/hackaton/spaceAppHesoyam/downloads/PMC3630201-Microgravity-induces-pelvic-bone-loss-through-osteoclastic-activity-osteocytic-osteolysis-and-osteob.pdf: EOF marker not found
2025-10-04 14:37:48,178 - converters.pdf_to_markdown - ERROR - No se pudo extraer texto de: /home/r3y3x/hackaton/spaceAppHesoyam/downloads/PMC3630201-Microgravity-induces-pelvic-bone-loss-through-osteoclastic-activity-osteocytic-osteolysis-and-osteob.pdf
2025-10-04 14:37:48,178 - converters.pdf_to_markdown - INFO - ✅ Markdown guardado: ./markdown_output/PMC3630201-Microgravity-induces-pelvic-bone-loss-through-osteoclastic-activity-osteocytic-osteolysis-and-osteob.md
2025-10-04 14:37:48,179 - converters.pdf_to_markdown - INFO - 📄 Convirtiendo 3/10: PMC11988870-Stem-Cell-Health-and-Tissue-Regeneration-in-Microgravity.pdf
2025-10-04 14:37:48,179 - converters.pdf_to_markdown - INFO - Extrayendo texto de: /home/r3y3x/hackaton/spaceAppHesoyam/downloads/PMC11988870-Stem-Cell-Health-and-Tissue-Regeneration-in-Microgravity.pdf
2025-10-04 14:37:48,180 - converters.pdf_to_markdown - ERROR - Error extrayendo texto de /home/r3y3x/hackaton/spaceAppHesoyam/downloads/PMC11988870-Stem-Cell-Health-and-Tissue-Regeneration-in-Microgravity.pdf: EOF marker not found
2025-10-04 14:37:48,180 - converters.pdf_to_markdown - ERROR - No se pudo extraer texto de: /home/r3y3x/hackaton/spaceAppHesoyam/downloads/PMC11988870-Stem-Cell-Health-and-Tissue-Regeneration-in-Microgravity.pdf
2025-10-04 14:37:48,181 - converters.pdf_to_markdown - INFO - ✅ Markdown guardado: ./markdown_output/PMC11988870-Stem-Cell-Health-and-Tissue-Regeneration-in-Microgravity.md
2025-10-04 14:37:48,181 - converters.pdf_to_markdown - INFO - 📄 Convirtiendo 4/10: PMC7998608-Microgravity-Reduces-the-Differentiation-and-Regenerative-Potential-of-Embryonic-Stem-Cells.pdf
2025-10-04 14:37:48,182 - converters.pdf_to_markdown - INFO - Extrayendo texto de: /home/r3y3x/hackaton/spaceAppHesoyam/downloads/PMC7998608-Microgravity-Reduces-the-Differentiation-and-Regenerative-Potential-of-Embryonic-Stem-Cells.pdf
2025-10-04 14:37:48,183 - converters.pdf_to_markdown - ERROR - Error extrayendo texto de /home/r3y3x/hackaton/spaceAppHesoyam/downloads/PMC7998608-Microgravity-Reduces-the-Differentiation-and-Regenerative-Potential-of-Embryonic-Stem-Cells.pdf: EOF marker not found
2025-10-04 14:37:48,183 - converters.pdf_to_markdown - ERROR - No se pudo extraer texto de: /home/r3y3x/hackaton/spaceAppHesoyam/downloads/PMC7998608-Microgravity-Reduces-the-Differentiation-and-Regenerative-Potential-of-Embryonic-Stem-Cells.pdf
2025-10-04 14:37:48,184 - converters.pdf_to_markdown - INFO - ✅ Markdown guardado: ./markdown_output/PMC7998608-Microgravity-Reduces-the-Differentiation-and-Regenerative-Potential-of-Embryonic-Stem-Cells.md
2025-10-04 14:37:48,184 - converters.pdf_to_markdown - INFO - 📄 Convirtiendo 5/10: PMC5587110-Microgravity-validation-of-a-novel-system-for-RNA-isolation-and-multiplex-quantitative-real-time-PCR.pdf
2025-10-04 14:37:48,184 - converters.pdf_to_markdown - INFO - Extrayendo texto de: /home/r3y3x/hackaton/spaceAppHesoyam/downloads/PMC5587110-Microgravity-validation-of-a-novel-system-for-RNA-isolation-and-multiplex-quantitative-real-time-PCR.pdf
2025-10-04 14:37:48,184 - converters.pdf_to_markdown - ERROR - Error extrayendo texto de /home/r3y3x/hackaton/spaceAppHesoyam/downloads/PMC5587110-Microgravity-validation-of-a-novel-system-for-RNA-isolation-and-multiplex-quantitative-real-time-PCR.pdf: EOF marker not found
2025-10-04 14:37:48,185 - converters.pdf_to_markdown - ERROR - No se pudo extraer texto de: /home/r3y3x/hackaton/spaceAppHesoyam/downloads/PMC5587110-Microgravity-validation-of-a-novel-system-for-RNA-isolation-and-multiplex-quantitative-real-time-PCR.pdf
2025-10-04 14:37:48,185 - converters.pdf_to_markdown - INFO - ✅ Markdown guardado: ./markdown_output/PMC5587110-Microgravity-validation-of-a-novel-system-for-RNA-isolation-and-multiplex-quantitative-real-time-PCR.md
2025-10-04 14:37:48,185 - converters.pdf_to_markdown - INFO - 📄 Convirtiendo 6/10: PMC8396460-Spaceflight-Modulates-the-Expression-of-Key-Oxidative-Stress-and-Cell-Cycle-Related-Genes-in-Heart.pdf
2025-10-04 14:37:48,185 - converters.pdf_to_markdown - INFO - Extrayendo texto de: /home/r3y3x/hackaton/spaceAppHesoyam/downloads/PMC8396460-Spaceflight-Modulates-the-Expression-of-Key-Oxidative-Stress-and-Cell-Cycle-Related-Genes-in-Heart.pdf
2025-10-04 14:37:48,186 - converters.pdf_to_markdown - ERROR - Error extrayendo texto de /home/r3y3x/hackaton/spaceAppHesoyam/downloads/PMC8396460-Spaceflight-Modulates-the-Expression-of-Key-Oxidative-Stress-and-Cell-Cycle-Related-Genes-in-Heart.pdf: EOF marker not found
2025-10-04 14:37:48,186 - converters.pdf_to_markdown - ERROR - No se pudo extraer texto de: /home/r3y3x/hackaton/spaceAppHesoyam/downloads/PMC8396460-Spaceflight-Modulates-the-Expression-of-Key-Oxidative-Stress-and-Cell-Cycle-Related-Genes-in-Heart.pdf
2025-10-04 14:37:48,186 - converters.pdf_to_markdown - INFO - ✅ Markdown guardado: ./markdown_output/PMC8396460-Spaceflight-Modulates-the-Expression-of-Key-Oxidative-Stress-and-Cell-Cycle-Related-Genes-in-Heart.md
2025-10-04 14:37:48,186 - converters.pdf_to_markdown - INFO - 📄 Convirtiendo 7/10: PMC5666799-Dose-and-Ion-Dependent-Effects-in-the-Oxidative-Stress-Response-to-Space-Like-Radiation-Exposure-in-.pdf
2025-10-04 14:37:48,186 - converters.pdf_to_markdown - INFO - Extrayendo texto de: /home/r3y3x/hackaton/spaceAppHesoyam/downloads/PMC5666799-Dose-and-Ion-Dependent-Effects-in-the-Oxidative-Stress-Response-to-Space-Like-Radiation-Exposure-in-.pdf
2025-10-04 14:37:48,187 - converters.pdf_to_markdown - ERROR - Error extrayendo texto de /home/r3y3x/hackaton/spaceAppHesoyam/downloads/PMC5666799-Dose-and-Ion-Dependent-Effects-in-the-Oxidative-Stress-Response-to-Space-Like-Radiation-Exposure-in-.pdf: EOF marker not found
2025-10-04 14:37:48,187 - converters.pdf_to_markdown - ERROR - No se pudo extraer texto de: /home/r3y3x/hackaton/spaceAppHesoyam/downloads/PMC5666799-Dose-and-Ion-Dependent-Effects-in-the-Oxidative-Stress-Response-to-Space-Like-Radiation-Exposure-in-.pdf
2025-10-04 14:37:48,187 - converters.pdf_to_markdown - INFO - ✅ Markdown guardado: ./markdown_output/PMC5666799-Dose-and-Ion-Dependent-Effects-in-the-Oxidative-Stress-Response-to-Space-Like-Radiation-Exposure-in-.md
2025-10-04 14:37:48,187 - converters.pdf_to_markdown - INFO - 📄 Convirtiendo 8/10: PMC5460236-From-the-bench-to-exploration-medicine-NASA-life-sciences-translational-research-for-human-explorati.pdf
2025-10-04 14:37:48,187 - converters.pdf_to_markdown - INFO - Extrayendo texto de: /home/r3y3x/hackaton/spaceAppHesoyam/downloads/PMC5460236-From-the-bench-to-exploration-medicine-NASA-life-sciences-translational-research-for-human-explorati.pdf
2025-10-04 14:37:48,187 - converters.pdf_to_markdown - ERROR - Error extrayendo texto de /home/r3y3x/hackaton/spaceAppHesoyam/downloads/PMC5460236-From-the-bench-to-exploration-medicine-NASA-life-sciences-translational-research-for-human-explorati.pdf: EOF marker not found
2025-10-04 14:37:48,187 - converters.pdf_to_markdown - ERROR - No se pudo extraer texto de: /home/r3y3x/hackaton/spaceAppHesoyam/downloads/PMC5460236-From-the-bench-to-exploration-medicine-NASA-life-sciences-translational-research-for-human-explorati.pdf
2025-10-04 14:37:48,187 - converters.pdf_to_markdown - INFO - ✅ Markdown guardado: ./markdown_output/PMC5460236-From-the-bench-to-exploration-medicine-NASA-life-sciences-translational-research-for-human-explorati.md
2025-10-04 14:37:48,188 - converters.pdf_to_markdown - INFO - 📄 Convirtiendo 9/10: PMC6222041-High-precision-method-for-cyclic-loading-of-small-animal-vertebrae-to-assess-bone-quality.pdf
2025-10-04 14:37:48,188 - converters.pdf_to_markdown - INFO - Extrayendo texto de: /home/r3y3x/hackaton/spaceAppHesoyam/downloads/PMC6222041-High-precision-method-for-cyclic-loading-of-small-animal-vertebrae-to-assess-bone-quality.pdf
2025-10-04 14:37:48,189 - converters.pdf_to_markdown - ERROR - Error extrayendo texto de /home/r3y3x/hackaton/spaceAppHesoyam/downloads/PMC6222041-High-precision-method-for-cyclic-loading-of-small-animal-vertebrae-to-assess-bone-quality.pdf: EOF marker not found
2025-10-04 14:37:48,189 - converters.pdf_to_markdown - ERROR - No se pudo extraer texto de: /home/r3y3x/hackaton/spaceAppHesoyam/downloads/PMC6222041-High-precision-method-for-cyclic-loading-of-small-animal-vertebrae-to-assess-bone-quality.pdf
2025-10-04 14:37:48,190 - converters.pdf_to_markdown - INFO - ✅ Markdown guardado: ./markdown_output/PMC6222041-High-precision-method-for-cyclic-loading-of-small-animal-vertebrae-to-assess-bone-quality.md
2025-10-04 14:37:48,190 - converters.pdf_to_markdown - INFO - 📄 Convirtiendo 10/10: PMC6813909-Effects-of-ex-vivo-ionizing-radiation-on-collagen-structure-and-whole-bone-mechanical-properties-of-.pdf
2025-10-04 14:37:48,190 - converters.pdf_to_markdown - INFO - Extrayendo texto de: /home/r3y3x/hackaton/spaceAppHesoyam/downloads/PMC6813909-Effects-of-ex-vivo-ionizing-radiation-on-collagen-structure-and-whole-bone-mechanical-properties-of-.pdf
2025-10-04 14:37:48,192 - converters.pdf_to_markdown - ERROR - Error extrayendo texto de /home/r3y3x/hackaton/spaceAppHesoyam/downloads/PMC6813909-Effects-of-ex-vivo-ionizing-radiation-on-collagen-structure-and-whole-bone-mechanical-properties-of-.pdf: EOF marker not found
2025-10-04 14:37:48,193 - converters.pdf_to_markdown - ERROR - No se pudo extraer texto de: /home/r3y3x/hackaton/spaceAppHesoyam/downloads/PMC6813909-Effects-of-ex-vivo-ionizing-radiation-on-collagen-structure-and-whole-bone-mechanical-properties-of-.pdf
2025-10-04 14:37:48,193 - converters.pdf_to_markdown - INFO - ✅ Markdown guardado: ./markdown_output/PMC6813909-Effects-of-ex-vivo-ionizing-radiation-on-collagen-structure-and-whole-bone-mechanical-properties-of-.md
2025-10-04 14:37:48,194 - converters.pdf_to_markdown - INFO - ✅ Conversión completada: 10/10 archivos convertidos
2025-10-04 14:37:48,194 - __main__ - INFO - ✅ 10 archivos Markdown generados
2025-10-04 14:37:48,194 - __main__ - INFO - 📁 Archivos Markdown generados:
2025-10-04 14:37:48,194 - __main__ - INFO -    • ./markdown_output/PMC4136787-Mice-in-Bion-M-1-space-mission-training-and-selection.md
2025-10-04 14:37:48,194 - __main__ - INFO -    • ./markdown_output/PMC3630201-Microgravity-induces-pelvic-bone-loss-through-osteoclastic-activity-osteocytic-osteolysis-and-osteob.md
2025-10-04 14:37:48,194 - __main__ - INFO -    • ./markdown_output/PMC11988870-Stem-Cell-Health-and-Tissue-Regeneration-in-Microgravity.md
2025-10-04 14:37:48,194 - __main__ - INFO -    • ./markdown_output/PMC7998608-Microgravity-Reduces-the-Differentiation-and-Regenerative-Potential-of-Embryonic-Stem-Cells.md
2025-10-04 14:37:48,194 - __main__ - INFO -    • ./markdown_output/PMC5587110-Microgravity-validation-of-a-novel-system-for-RNA-isolation-and-multiplex-quantitative-real-time-PCR.md
2025-10-04 14:37:48,194 - __main__ - INFO -    • ./markdown_output/PMC8396460-Spaceflight-Modulates-the-Expression-of-Key-Oxidative-Stress-and-Cell-Cycle-Related-Genes-in-Heart.md
2025-10-04 14:37:48,194 - __main__ - INFO -    • ./markdown_output/PMC5666799-Dose-and-Ion-Dependent-Effects-in-the-Oxidative-Stress-Response-to-Space-Like-Radiation-Exposure-in-.md
2025-10-04 14:37:48,194 - __main__ - INFO -    • ./markdown_output/PMC5460236-From-the-bench-to-exploration-medicine-NASA-life-sciences-translational-research-for-human-explorati.md
2025-10-04 14:37:48,194 - __main__ - INFO -    • ./markdown_output/PMC6222041-High-precision-method-for-cyclic-loading-of-small-animal-vertebrae-to-assess-bone-quality.md
2025-10-04 14:37:48,194 - __main__ - INFO -    • ./markdown_output/PMC6813909-Effects-of-ex-vivo-ionizing-radiation-on-collagen-structure-and-whole-bone-mechanical-properties-of-.md
2025-10-04 14:37:48,194 - __main__ - INFO - 🎉 Proceso completado exitosamente!
2025-10-04 14:37:48,194 - __main__ - INFO - 📊 Resumen:
2025-10-04 14:37:48,194 - __main__ - INFO -    • Artículos encontrados: 607
2025-10-04 14:37:48,194 - __main__ - INFO -    • PDFs descargados: 10
2025-10-04 14:37:48,194 - __main__ - INFO -    • Markdown generados: 10
2025-10-04 14:37:48,194 - __main__ - INFO - 🧹 Limpiando recursos...
2025-10-04 14:37:55,202 - __main__ - INFO - 🧪 Ejecutando prueba de muestra...
2025-10-04 14:37:55,202 - __main__ - INFO - 🚀 Iniciando aplicación de scraping de artículos científicos...
2025-10-04 14:37:55,203 - __main__ - INFO - 📋 Configuración: {'csv_url': 'https://raw.githubusercontent.com/jgalazka/SB_publications/main/SB_publication_PMC.csv', 'download_dir': './downloads', 'markdown_dir': './markdown_output', 'max_downloads_per_hour': 50, 'delay_between_requests': 2.0, 'max_articles': 10, 'log_level': 'INFO'}
2025-10-04 14:37:55,203 - __main__ - INFO - 📊 Paso 1: Obteniendo datos del CSV de GitHub...
2025-10-04 14:37:55,203 - scrapers.github_scraper - INFO - Obteniendo datos de CSV: https://raw.githubusercontent.com/jgalazka/SB_publications/main/SB_publication_PMC.csv
2025-10-04 14:37:55,203 - scrapers.github_scraper - INFO - URL raw: https://raw.githubusercontent.com/jgalazka/SB_publications/main/SB_publication_PMC.csv
2025-10-04 14:37:55,299 - scrapers.github_scraper - INFO - CSV obtenido exitosamente. 607 registros encontrados.
2025-10-04 14:37:55,307 - scrapers.github_scraper - INFO - CSV procesado: 607 registros válidos
2025-10-04 14:37:55,349 - scrapers.github_scraper - INFO - Validación completada: 607/607 enlaces válidos
2025-10-04 14:37:55,350 - __main__ - INFO - ✅ 607 artículos encontrados en el CSV
2025-10-04 14:37:55,350 - __main__ - INFO - 📝 Muestra de artículos:
2025-10-04 14:37:55,351 - __main__ - INFO -    1. Mice in Bion-M 1 space mission: training and selection...
2025-10-04 14:37:55,351 - __main__ - INFO -       URL: https://www.ncbi.nlm.nih.gov/pmc/articles/PMC4136787/
2025-10-04 14:37:55,352 - __main__ - INFO -    2. Microgravity induces pelvic bone loss through osteoclastic activity, osteocytic ...
2025-10-04 14:37:55,352 - __main__ - INFO -       URL: https://www.ncbi.nlm.nih.gov/pmc/articles/PMC3630201/
2025-10-04 14:37:55,352 - __main__ - INFO -    3. Stem Cell Health and Tissue Regeneration in Microgravity...
2025-10-04 14:37:55,352 - __main__ - INFO -       URL: https://www.ncbi.nlm.nih.gov/pmc/articles/PMC11988870/
2025-10-04 14:37:55,352 - __main__ - INFO - 📥 Paso 2: Descargando PDFs de PubMed Central...
2025-10-04 14:37:55,352 - scrapers.pubmed_scraper - INFO - Inicializando WebDriver...
2025-10-04 14:37:55,352 - WDM - INFO - ====== WebDriver manager ======
2025-10-04 14:37:56,289 - WDM - INFO - Get LATEST chromedriver version for google-chrome
2025-10-04 14:37:56,290 - scrapers.pubmed_scraper - WARNING - ChromeDriverManager falló: 'NoneType' object has no attribute 'split'
2025-10-04 14:37:56,290 - scrapers.pubmed_scraper - INFO - Intentando método alternativo sin Chrome...
2025-10-04 14:37:56,290 - scrapers.pubmed_scraper - WARNING - WebDriver no disponible - usando solo requests como fallback
2025-10-04 14:37:56,291 - __main__ - INFO - 🔄 Descargando máximo 10 artículos...
2025-10-04 14:37:56,291 - scrapers.pubmed_scraper - INFO - 🚀 Iniciando descarga de 10 artículos...
2025-10-04 14:37:56,292 - scrapers.pubmed_scraper - INFO - 📄 Descargando artículo 1/10: Mice in Bion-M 1 space mission: training and selec...
2025-10-04 14:37:56,293 - scrapers.pubmed_scraper - INFO - Obteniendo PDF URL desde: https://www.ncbi.nlm.nih.gov/pmc/articles/PMC4136787/
2025-10-04 14:37:57,118 - scrapers.pubmed_scraper - INFO - PDF URL encontrada: https://www.ncbi.nlm.nih.gov/pmc/articles/PMC4136787/pdf/pone.0104830.pdf
2025-10-04 14:37:57,119 - scrapers.pubmed_scraper - INFO - Descargando PDF simp le: https://www.ncbi.nlm.nih.gov/pmc/articles/PMC4136787/pdf/pone.0104830.pdf
2025-10-04 14:37:57,460 - scrapers.pubmed_scraper - ERROR - ❌ PDF INVÁLIDO detectado: PMC4136787-Mice-in-Bion-M-1-space-mission-training-and-selection.pdf
2025-10-04 14:37:57,460 - scrapers.pubmed_scraper - ERROR - ❌ Razones: tamaño=1,285 bytes, header=NO_PDF, html=IS_HTML
2025-10-04 14:37:57,460 - scrapers.pubmed_scraper - INFO - Descargando PDF con Selenium: https://www.ncbi.nlm.nih.gov/pmc/articles/PMC4136787/
2025-10-04 14:37:57,460 - scrapers.pubmed_scraper - ERROR - Error descargando PDF con Selenium https://www.ncbi.nlm.nih.gov/pmc/articles/PMC4136787/: 'NoneType' object has no attribute 'get'
2025-10-04 14:37:57,460 - scrapers.pubmed_scraper - ERROR - ❌ Falló la descarga de: Mice in Bion-M 1 space mission: training and selection
2025-10-04 14:37:57,462 - scrapers.pubmed_scraper - INFO - 📄 Descargando artículo 2/10: Microgravity induces pelvic bone loss through oste...
2025-10-04 14:37:57,462 - scrapers.pubmed_scraper - INFO - Obteniendo PDF URL desde: https://www.ncbi.nlm.nih.gov/pmc/articles/PMC3630201/
2025-10-04 14:37:58,312 - scrapers.pubmed_scraper - INFO - PDF URL encontrada: https://www.ncbi.nlm.nih.gov/pmc/articles/PMC3630201/pdf/pone.0061372.pdf
2025-10-04 14:37:58,313 - scrapers.pubmed_scraper - INFO - Descargando PDF simp le: https://www.ncbi.nlm.nih.gov/pmc/articles/PMC3630201/pdf/pone.0061372.pdf
2025-10-04 14:37:58,643 - scrapers.pubmed_scraper - ERROR - ❌ PDF INVÁLIDO detectado: PMC3630201-Microgravity-induces-pelvic-bone-loss-through-osteoclastic-activity-osteocytic-osteolysis-and-osteob.pdf
2025-10-04 14:37:58,644 - scrapers.pubmed_scraper - ERROR - ❌ Razones: tamaño=1,284 bytes, header=NO_PDF, html=IS_HTML
2025-10-04 14:37:58,644 - scrapers.pubmed_scraper - INFO - Descargando PDF con Selenium: https://www.ncbi.nlm.nih.gov/pmc/articles/PMC3630201/
2025-10-04 14:37:58,644 - scrapers.pubmed_scraper - ERROR - Error descargando PDF con Selenium https://www.ncbi.nlm.nih.gov/pmc/articles/PMC3630201/: 'NoneType' object has no attribute 'get'
2025-10-04 14:37:58,644 - scrapers.pubmed_scraper - ERROR - ❌ Falló la descarga de: Microgravity induces pelvic bone loss through osteoclastic activity, osteocytic osteolysis, and osteoblastic cell cycle inhibition by CDKN1a/p21
2025-10-04 14:37:58,645 - scrapers.pubmed_scraper - INFO - 📄 Descargando artículo 3/10: Stem Cell Health and Tissue Regeneration in Microg...
2025-10-04 14:37:58,646 - scrapers.pubmed_scraper - INFO - Obteniendo PDF URL desde: https://www.ncbi.nlm.nih.gov/pmc/articles/PMC11988870/
2025-10-04 14:37:59,076 - scrapers.pubmed_scraper - INFO - PDF URL encontrada: https://www.ncbi.nlm.nih.gov/pmc/articles/PMC11988870/pdf/ijms-26-03058.pdf
2025-10-04 14:37:59,077 - scrapers.pubmed_scraper - INFO - Descargando PDF simp le: https://www.ncbi.nlm.nih.gov/pmc/articles/PMC11988870/pdf/ijms-26-03058.pdf
2025-10-04 14:37:59,416 - scrapers.pubmed_scraper - ERROR - ❌ PDF INVÁLIDO detectado: PMC11988870-Stem-Cell-Health-and-Tissue-Regeneration-in-Microgravity.pdf
2025-10-04 14:37:59,416 - scrapers.pubmed_scraper - ERROR - ❌ Razones: tamaño=1,284 bytes, header=NO_PDF, html=IS_HTML
2025-10-04 14:37:59,416 - scrapers.pubmed_scraper - INFO - Descargando PDF con Selenium: https://www.ncbi.nlm.nih.gov/pmc/articles/PMC11988870/
2025-10-04 14:37:59,416 - scrapers.pubmed_scraper - ERROR - Error descargando PDF con Selenium https://www.ncbi.nlm.nih.gov/pmc/articles/PMC11988870/: 'NoneType' object has no attribute 'get'
2025-10-04 14:37:59,416 - scrapers.pubmed_scraper - ERROR - ❌ Falló la descarga de: Stem Cell Health and Tissue Regeneration in Microgravity
2025-10-04 14:37:59,416 - scrapers.pubmed_scraper - INFO - 📄 Descargando artículo 4/10: Microgravity Reduces the Differentiation and Regen...
2025-10-04 14:37:59,416 - scrapers.pubmed_scraper - INFO - Obteniendo PDF URL desde: https://www.ncbi.nlm.nih.gov/pmc/articles/PMC7998608/
2025-10-04 14:37:59,875 - scrapers.pubmed_scraper - INFO - PDF URL encontrada: https://www.ncbi.nlm.nih.gov/pmc/articles/PMC7998608/pdf/cells-10-00560.pdf
2025-10-04 14:37:59,876 - scrapers.pubmed_scraper - INFO - Descargando PDF simp le: https://www.ncbi.nlm.nih.gov/pmc/articles/PMC7998608/pdf/cells-10-00560.pdf
2025-10-04 14:38:00,202 - scrapers.pubmed_scraper - ERROR - ❌ PDF INVÁLIDO detectado: PMC7998608-Microgravity-Reduces-the-Differentiation-and-Regenerative-Potential-of-Embryonic-Stem-Cells.pdf
2025-10-04 14:38:00,202 - scrapers.pubmed_scraper - ERROR - ❌ Razones: tamaño=1,285 bytes, header=NO_PDF, html=IS_HTML
2025-10-04 14:38:00,203 - scrapers.pubmed_scraper - INFO - Descargando PDF con Selenium: https://www.ncbi.nlm.nih.gov/pmc/articles/PMC7998608/
2025-10-04 14:38:00,203 - scrapers.pubmed_scraper - ERROR - Error descargando PDF con Selenium https://www.ncbi.nlm.nih.gov/pmc/articles/PMC7998608/: 'NoneType' object has no attribute 'get'
2025-10-04 14:38:00,203 - scrapers.pubmed_scraper - ERROR - ❌ Falló la descarga de: Microgravity Reduces the Differentiation and Regenerative Potential of Embryonic Stem Cells
2025-10-04 14:38:00,203 - scrapers.pubmed_scraper - INFO - 📄 Descargando artículo 5/10: Microgravity validation of a novel system for RNA ...
2025-10-04 14:38:00,203 - scrapers.pubmed_scraper - INFO - Obteniendo PDF URL desde: https://www.ncbi.nlm.nih.gov/pmc/articles/PMC5587110/
2025-10-04 14:38:00,628 - scrapers.pubmed_scraper - INFO - PDF URL encontrada: https://www.ncbi.nlm.nih.gov/pmc/articles/PMC5587110/pdf/pone.0183480.pdf
2025-10-04 14:38:00,628 - scrapers.pubmed_scraper - INFO - Descargando PDF simp le: https://www.ncbi.nlm.nih.gov/pmc/articles/PMC5587110/pdf/pone.0183480.pdf
2025-10-04 14:38:00,961 - scrapers.pubmed_scraper - ERROR - ❌ PDF INVÁLIDO detectado: PMC5587110-Microgravity-validation-of-a-novel-system-for-RNA-isolation-and-multiplex-quantitative-real-time-PCR.pdf
2025-10-04 14:38:00,962 - scrapers.pubmed_scraper - ERROR - ❌ Razones: tamaño=1,285 bytes, header=NO_PDF, html=IS_HTML
2025-10-04 14:38:00,962 - scrapers.pubmed_scraper - INFO - Descargando PDF con Selenium: https://www.ncbi.nlm.nih.gov/pmc/articles/PMC5587110/
2025-10-04 14:38:00,962 - scrapers.pubmed_scraper - ERROR - Error descargando PDF con Selenium https://www.ncbi.nlm.nih.gov/pmc/articles/PMC5587110/: 'NoneType' object has no attribute 'get'
2025-10-04 14:38:00,962 - scrapers.pubmed_scraper - ERROR - ❌ Falló la descarga de: Microgravity validation of a novel system for RNA isolation and multiplex quantitative real time PCR analysis of gene expression on the International Space Station
2025-10-04 14:38:00,963 - scrapers.pubmed_scraper - INFO - 📄 Descargando artículo 6/10: Spaceflight Modulates the Expression of Key Oxidat...
2025-10-04 14:38:00,964 - scrapers.pubmed_scraper - INFO - Obteniendo PDF URL desde: https://www.ncbi.nlm.nih.gov/pmc/articles/PMC8396460/
2025-10-04 14:38:01,386 - scrapers.pubmed_scraper - INFO - PDF URL encontrada: https://www.ncbi.nlm.nih.gov/pmc/articles/PMC8396460/pdf/ijms-22-09088.pdf
2025-10-04 14:38:01,387 - scrapers.pubmed_scraper - INFO - Descargando PDF simp le: https://www.ncbi.nlm.nih.gov/pmc/articles/PMC8396460/pdf/ijms-22-09088.pdf
2025-10-04 14:38:02,489 - scrapers.pubmed_scraper - ERROR - ❌ PDF INVÁLIDO detectado: PMC8396460-Spaceflight-Modulates-the-Expression-of-Key-Oxidative-Stress-and-Cell-Cycle-Related-Genes-in-Heart.pdf
2025-10-04 14:38:02,489 - scrapers.pubmed_scraper - ERROR - ❌ Razones: tamaño=1,285 bytes, header=NO_PDF, html=IS_HTML
2025-10-04 14:38:02,489 - scrapers.pubmed_scraper - INFO - Descargando PDF con Selenium: https://www.ncbi.nlm.nih.gov/pmc/articles/PMC8396460/
2025-10-04 14:38:02,489 - scrapers.pubmed_scraper - ERROR - Error descargando PDF con Selenium https://www.ncbi.nlm.nih.gov/pmc/articles/PMC8396460/: 'NoneType' object has no attribute 'get'
2025-10-04 14:38:02,489 - scrapers.pubmed_scraper - ERROR - ❌ Falló la descarga de: Spaceflight Modulates the Expression of Key Oxidative Stress and Cell Cycle Related Genes in Heart
2025-10-04 14:38:02,490 - scrapers.pubmed_scraper - INFO - 📄 Descargando artículo 7/10: Dose- and Ion-Dependent Effects in the Oxidative S...
2025-10-04 14:38:02,490 - scrapers.pubmed_scraper - INFO - Obteniendo PDF URL desde: https://www.ncbi.nlm.nih.gov/pmc/articles/PMC5666799/
2025-10-04 14:38:02,901 - scrapers.pubmed_scraper - INFO - PDF URL encontrada: https://www.ncbi.nlm.nih.gov/pmc/articles/PMC5666799/pdf/ijms-18-02117.pdf
2025-10-04 14:38:02,903 - scrapers.pubmed_scraper - INFO - Descargando PDF simp le: https://www.ncbi.nlm.nih.gov/pmc/articles/PMC5666799/pdf/ijms-18-02117.pdf
2025-10-04 14:38:03,236 - scrapers.pubmed_scraper - ERROR - ❌ PDF INVÁLIDO detectado: PMC5666799-Dose-and-Ion-Dependent-Effects-in-the-Oxidative-Stress-Response-to-Space-Like-Radiation-Exposure-in-.pdf
2025-10-04 14:38:03,236 - scrapers.pubmed_scraper - ERROR - ❌ Razones: tamaño=1,284 bytes, header=NO_PDF, html=IS_HTML
2025-10-04 14:38:03,236 - scrapers.pubmed_scraper - INFO - Descargando PDF con Selenium: https://www.ncbi.nlm.nih.gov/pmc/articles/PMC5666799/
2025-10-04 14:38:03,236 - scrapers.pubmed_scraper - ERROR - Error descargando PDF con Selenium https://www.ncbi.nlm.nih.gov/pmc/articles/PMC5666799/: 'NoneType' object has no attribute 'get'
2025-10-04 14:38:03,236 - scrapers.pubmed_scraper - ERROR - ❌ Falló la descarga de: Dose- and Ion-Dependent Effects in the Oxidative Stress Response to Space-Like Radiation Exposure in the Skeletal System
2025-10-04 14:38:03,237 - scrapers.pubmed_scraper - INFO - 📄 Descargando artículo 8/10: From the bench to exploration medicine: NASA life ...
2025-10-04 14:38:03,238 - scrapers.pubmed_scraper - INFO - Obteniendo PDF URL desde: https://www.ncbi.nlm.nih.gov/pmc/articles/PMC5460236/
2025-10-04 14:38:03,771 - scrapers.pubmed_scraper - INFO - PDF URL encontrada: https://www.ncbi.nlm.nih.gov/pmc/articles/PMC5460236/pdf/41526_2016_Article_2.pdf
2025-10-04 14:38:03,772 - scrapers.pubmed_scraper - INFO - Descargando PDF simp le: https://www.ncbi.nlm.nih.gov/pmc/articles/PMC5460236/pdf/41526_2016_Article_2.pdf
2025-10-04 14:38:04,102 - scrapers.pubmed_scraper - ERROR - ❌ PDF INVÁLIDO detectado: PMC5460236-From-the-bench-to-exploration-medicine-NASA-life-sciences-translational-research-for-human-explorati.pdf
2025-10-04 14:38:04,102 - scrapers.pubmed_scraper - ERROR - ❌ Razones: tamaño=1,284 bytes, header=NO_PDF, html=IS_HTML
2025-10-04 14:38:04,102 - scrapers.pubmed_scraper - INFO - Descargando PDF con Selenium: https://www.ncbi.nlm.nih.gov/pmc/articles/PMC5460236/
2025-10-04 14:38:04,102 - scrapers.pubmed_scraper - ERROR - Error descargando PDF con Selenium https://www.ncbi.nlm.nih.gov/pmc/articles/PMC5460236/: 'NoneType' object has no attribute 'get'
2025-10-04 14:38:04,103 - scrapers.pubmed_scraper - ERROR - ❌ Falló la descarga de: From the bench to exploration medicine: NASA life sciences translational research for human exploration and habitation missions.
2025-10-04 14:38:04,104 - scrapers.pubmed_scraper - INFO - 📄 Descargando artículo 9/10: High-precision method for cyclic loading of small-...
2025-10-04 14:38:04,104 - scrapers.pubmed_scraper - INFO - Obteniendo PDF URL desde: https://www.ncbi.nlm.nih.gov/pmc/articles/PMC6222041/
2025-10-04 14:38:04,494 - scrapers.pubmed_scraper - INFO - PDF URL encontrada: https://www.ncbi.nlm.nih.gov/pmc/articles/PMC6222041/pdf/main.pdf
2025-10-04 14:38:04,495 - scrapers.pubmed_scraper - INFO - Descargando PDF simp le: https://www.ncbi.nlm.nih.gov/pmc/articles/PMC6222041/pdf/main.pdf
2025-10-04 14:38:04,833 - scrapers.pubmed_scraper - ERROR - ❌ PDF INVÁLIDO detectado: PMC6222041-High-precision-method-for-cyclic-loading-of-small-animal-vertebrae-to-assess-bone-quality.pdf
2025-10-04 14:38:04,833 - scrapers.pubmed_scraper - ERROR - ❌ Razones: tamaño=1,285 bytes, header=NO_PDF, html=IS_HTML
2025-10-04 14:38:04,833 - scrapers.pubmed_scraper - INFO - Descargando PDF con Selenium: https://www.ncbi.nlm.nih.gov/pmc/articles/PMC6222041/
2025-10-04 14:38:04,833 - scrapers.pubmed_scraper - ERROR - Error descargando PDF con Selenium https://www.ncbi.nlm.nih.gov/pmc/articles/PMC6222041/: 'NoneType' object has no attribute 'get'
2025-10-04 14:38:04,833 - scrapers.pubmed_scraper - ERROR - ❌ Falló la descarga de: High-precision method for cyclic loading of small-animal vertebrae to assess bone quality.
2025-10-04 14:38:04,833 - scrapers.pubmed_scraper - INFO - 📄 Descargando artículo 10/10: Effects of ex vivo ionizing radiation on collagen ...
2025-10-04 14:38:04,833 - scrapers.pubmed_scraper - INFO - Obteniendo PDF URL desde: https://www.ncbi.nlm.nih.gov/pmc/articles/PMC6813909/
2025-10-04 14:38:05,264 - scrapers.pubmed_scraper - INFO - PDF URL encontrada: https://www.ncbi.nlm.nih.gov/pmc/articles/PMC6813909/pdf/nihms-1538854.pdf
2025-10-04 14:38:05,264 - scrapers.pubmed_scraper - INFO - Descargando PDF simp le: https://www.ncbi.nlm.nih.gov/pmc/articles/PMC6813909/pdf/nihms-1538854.pdf
2025-10-04 14:38:05,593 - scrapers.pubmed_scraper - ERROR - ❌ PDF INVÁLIDO detectado: PMC6813909-Effects-of-ex-vivo-ionizing-radiation-on-collagen-structure-and-whole-bone-mechanical-properties-of-.pdf
2025-10-04 14:38:05,594 - scrapers.pubmed_scraper - ERROR - ❌ Razones: tamaño=1,284 bytes, header=NO_PDF, html=IS_HTML
2025-10-04 14:38:05,594 - scrapers.pubmed_scraper - INFO - Descargando PDF con Selenium: https://www.ncbi.nlm.nih.gov/pmc/articles/PMC6813909/
2025-10-04 14:38:05,594 - scrapers.pubmed_scraper - ERROR - Error descargando PDF con Selenium https://www.ncbi.nlm.nih.gov/pmc/articles/PMC6813909/: 'NoneType' object has no attribute 'get'
2025-10-04 14:38:05,594 - scrapers.pubmed_scraper - ERROR - ❌ Falló la descarga de: Effects of ex vivo ionizing radiation on collagen structure and whole-bone mechanical properties of mouse vertebrae.
2025-10-04 14:38:05,594 - scrapers.pubmed_scraper - INFO - ✅ Descarga completada. 0/10 archivos descargados
2025-10-04 14:38:05,594 - __main__ - INFO - ✅ 0 PDFs descargados exitosamente
2025-10-04 14:38:05,594 - __main__ - WARNING - ⚠️  No se descargaron PDFs para convertir
2025-10-04 14:38:05,594 - __main__ - INFO - 🧹 Limpiando recursos...
